{"/home/travis/build/npmtest/node-npmtest-grunt-contrib-concat/test.js":{"path":"/home/travis/build/npmtest/node-npmtest-grunt-contrib-concat/test.js","s":{"1":2,"2":2,"3":2,"4":2,"5":2,"6":2,"7":2,"8":1,"9":2,"10":2,"11":1,"12":1,"13":1,"14":1,"15":2,"16":2,"17":2,"18":2,"19":1,"20":1,"21":2,"22":2,"23":2,"24":1,"25":1,"26":1,"27":1,"28":1,"29":1,"30":1,"31":1,"32":1,"33":1,"34":1,"35":1,"36":1,"37":1,"38":1,"39":2,"40":2,"41":1,"42":2,"43":2,"44":1,"45":2,"46":2,"47":1,"48":2,"49":2,"50":1,"51":1,"52":1,"53":1,"54":1},"b":{"1":[2,1,1,1],"2":[1,1,1,1],"3":[1,1],"4":[1,1],"5":[1,1],"6":[1,1],"7":[1,1],"8":[1,1],"9":[1,1],"10":[1,1,1],"11":[1,1],"12":[1,1],"13":[1,1],"14":[1,1],"15":[1,1],"16":[1,1],"17":[1,1]},"f":{"1":2,"2":2,"3":2,"4":2,"5":2,"6":1,"7":1,"8":1,"9":2,"10":2,"11":2,"12":2,"13":1},"fnMap":{"1":{"name":"(anonymous_1)","line":12,"loc":{"start":{"line":12,"column":1},"end":{"line":12,"column":13}}},"2":{"name":"(anonymous_2)","line":19,"loc":{"start":{"line":19,"column":5},"end":{"line":19,"column":17}}},"3":{"name":"(anonymous_3)","line":23,"loc":{"start":{"line":23,"column":24},"end":{"line":23,"column":36}}},"4":{"name":"(anonymous_4)","line":61,"loc":{"start":{"line":61,"column":5},"end":{"line":61,"column":17}}},"5":{"name":"(anonymous_5)","line":82,"loc":{"start":{"line":82,"column":5},"end":{"line":82,"column":17}}},"6":{"name":"(anonymous_6)","line":91,"loc":{"start":{"line":91,"column":77},"end":{"line":94,"column":10}}},"7":{"name":"(anonymous_7)","line":112,"loc":{"start":{"line":112,"column":83},"end":{"line":115,"column":10}},"skip":true},"8":{"name":"(anonymous_8)","line":123,"loc":{"start":{"line":123,"column":77},"end":{"line":126,"column":10}},"skip":true},"9":{"name":"(anonymous_9)","line":139,"loc":{"start":{"line":139,"column":12},"end":{"line":139,"column":40}},"skip":true},"10":{"name":"(anonymous_10)","line":147,"loc":{"start":{"line":147,"column":77},"end":{"line":150,"column":10}},"skip":true},"11":{"name":"(anonymous_11)","line":158,"loc":{"start":{"line":158,"column":83},"end":{"line":161,"column":10}},"skip":true},"12":{"name":"(anonymous_12)","line":169,"loc":{"start":{"line":169,"column":79},"end":{"line":172,"column":10}},"skip":true},"13":{"name":"(anonymous_13)","line":180,"loc":{"start":{"line":180,"column":75},"end":{"line":183,"column":10}},"skip":true}},"statementMap":{"1":{"start":{"line":12,"column":0},"end":{"line":195,"column":5}},"2":{"start":{"line":14,"column":4},"end":{"line":14,"column":14}},"3":{"start":{"line":19,"column":4},"end":{"line":56,"column":9}},"4":{"start":{"line":21,"column":8},"end":{"line":21,"column":19}},"5":{"start":{"line":23,"column":8},"end":{"line":35,"column":13}},"6":{"start":{"line":24,"column":12},"end":{"line":34,"column":13}},"7":{"start":{"line":25,"column":16},"end":{"line":28,"column":30}},"8":{"start":{"line":30,"column":16},"end":{"line":33,"column":27}},"9":{"start":{"line":37,"column":8},"end":{"line":39,"column":21}},"10":{"start":{"line":40,"column":8},"end":{"line":53,"column":9}},"11":{"start":{"line":43,"column":12},"end":{"line":46,"column":14}},"12":{"start":{"line":47,"column":12},"end":{"line":47,"column":18}},"13":{"start":{"line":50,"column":12},"end":{"line":51,"column":46}},"14":{"start":{"line":52,"column":12},"end":{"line":52,"column":18}},"15":{"start":{"line":55,"column":8},"end":{"line":55,"column":35}},"16":{"start":{"line":61,"column":4},"end":{"line":63,"column":9}},"17":{"start":{"line":62,"column":8},"end":{"line":62,"column":15}},"18":{"start":{"line":64,"column":4},"end":{"line":77,"column":5}},"19":{"start":{"line":70,"column":8},"end":{"line":70,"column":14}},"20":{"start":{"line":76,"column":8},"end":{"line":76,"column":14}},"21":{"start":{"line":82,"column":4},"end":{"line":84,"column":9}},"22":{"start":{"line":83,"column":8},"end":{"line":83,"column":15}},"23":{"start":{"line":85,"column":4},"end":{"line":194,"column":5}},"24":{"start":{"line":91,"column":8},"end":{"line":99,"column":10}},"25":{"start":{"line":98,"column":12},"end":{"line":98,"column":35}},"26":{"start":{"line":102,"column":8},"end":{"line":104,"column":63}},"27":{"start":{"line":105,"column":8},"end":{"line":105,"column":14}},"28":{"start":{"line":112,"column":8},"end":{"line":121,"column":10},"skip":true},"29":{"start":{"line":119,"column":12},"end":{"line":119,"column":55},"skip":true},"30":{"start":{"line":120,"column":12},"end":{"line":120,"column":48},"skip":true},"31":{"start":{"line":123,"column":8},"end":{"line":136,"column":10},"skip":true},"32":{"start":{"line":130,"column":12},"end":{"line":130,"column":76},"skip":true},"33":{"start":{"line":131,"column":12},"end":{"line":131,"column":73},"skip":true},"34":{"start":{"line":132,"column":12},"end":{"line":132,"column":74},"skip":true},"35":{"start":{"line":133,"column":12},"end":{"line":133,"column":79},"skip":true},"36":{"start":{"line":134,"column":12},"end":{"line":134,"column":25},"skip":true},"37":{"start":{"line":135,"column":12},"end":{"line":135,"column":45},"skip":true},"38":{"start":{"line":138,"column":8},"end":{"line":145,"column":14},"skip":true},"39":{"start":{"line":143,"column":16},"end":{"line":143,"column":29},"skip":true},"40":{"start":{"line":144,"column":16},"end":{"line":144,"column":55},"skip":true},"41":{"start":{"line":147,"column":8},"end":{"line":156,"column":10},"skip":true},"42":{"start":{"line":154,"column":12},"end":{"line":154,"column":25},"skip":true},"43":{"start":{"line":155,"column":12},"end":{"line":155,"column":45},"skip":true},"44":{"start":{"line":158,"column":8},"end":{"line":167,"column":10},"skip":true},"45":{"start":{"line":165,"column":12},"end":{"line":165,"column":25},"skip":true},"46":{"start":{"line":166,"column":12},"end":{"line":166,"column":48},"skip":true},"47":{"start":{"line":169,"column":8},"end":{"line":178,"column":10},"skip":true},"48":{"start":{"line":176,"column":12},"end":{"line":176,"column":25},"skip":true},"49":{"start":{"line":177,"column":12},"end":{"line":177,"column":46},"skip":true},"50":{"start":{"line":180,"column":8},"end":{"line":189,"column":10},"skip":true},"51":{"start":{"line":187,"column":12},"end":{"line":187,"column":94},"skip":true},"52":{"start":{"line":188,"column":12},"end":{"line":188,"column":48},"skip":true},"53":{"start":{"line":192,"column":8},"end":{"line":192,"column":35},"skip":true},"54":{"start":{"line":193,"column":8},"end":{"line":193,"column":14},"skip":true}},"branchMap":{"1":{"line":25,"type":"binary-expr","locations":[{"start":{"line":25,"column":23},"end":{"line":25,"column":62}},{"start":{"line":26,"column":20},"end":{"line":26,"column":70}},{"start":{"line":27,"column":20},"end":{"line":27,"column":71}},{"start":{"line":28,"column":20},"end":{"line":28,"column":29}}]},"2":{"line":30,"type":"binary-expr","locations":[{"start":{"line":30,"column":23},"end":{"line":30,"column":37}},{"start":{"line":31,"column":20},"end":{"line":31,"column":61}},{"start":{"line":32,"column":20},"end":{"line":32,"column":70}},{"start":{"line":33,"column":20},"end":{"line":33,"column":26}}]},"3":{"line":37,"type":"cond-expr","locations":[{"start":{"line":38,"column":14},"end":{"line":38,"column":20}},{"start":{"line":39,"column":14},"end":{"line":39,"column":20}}]},"4":{"line":40,"type":"switch","locations":[{"start":{"line":42,"column":8},"end":{"line":47,"column":18}},{"start":{"line":49,"column":8},"end":{"line":52,"column":18}}]},"5":{"line":44,"type":"binary-expr","locations":[{"start":{"line":44,"column":16},"end":{"line":44,"column":44}},{"start":{"line":44,"column":48},"end":{"line":44,"column":66}}]},"6":{"line":50,"type":"binary-expr","locations":[{"start":{"line":50,"column":21},"end":{"line":50,"column":49}},{"start":{"line":50,"column":53},"end":{"line":50,"column":72}}]},"7":{"line":64,"type":"switch","locations":[{"start":{"line":69,"column":4},"end":{"line":70,"column":14}},{"start":{"line":75,"column":4},"end":{"line":76,"column":14}}]},"8":{"line":85,"type":"switch","locations":[{"start":{"line":90,"column":4},"end":{"line":105,"column":14}},{"start":{"line":111,"column":4},"end":{"line":193,"column":14},"skip":true}]},"9":{"line":91,"type":"binary-expr","locations":[{"start":{"line":91,"column":42},"end":{"line":91,"column":73}},{"start":{"line":91,"column":77},"end":{"line":99,"column":9}}]},"10":{"line":102,"type":"binary-expr","locations":[{"start":{"line":102,"column":18},"end":{"line":102,"column":32}},{"start":{"line":103,"column":12},"end":{"line":103,"column":53}},{"start":{"line":104,"column":12},"end":{"line":104,"column":61}}]},"11":{"line":112,"type":"binary-expr","locations":[{"start":{"line":112,"column":45},"end":{"line":112,"column":79},"skip":true},{"start":{"line":112,"column":83},"end":{"line":121,"column":9},"skip":true}]},"12":{"line":123,"type":"binary-expr","locations":[{"start":{"line":123,"column":42},"end":{"line":123,"column":73},"skip":true},{"start":{"line":123,"column":77},"end":{"line":136,"column":9},"skip":true}]},"13":{"line":138,"type":"binary-expr","locations":[{"start":{"line":138,"column":48},"end":{"line":138,"column":85},"skip":true},{"start":{"line":139,"column":12},"end":{"line":145,"column":13},"skip":true}]},"14":{"line":147,"type":"binary-expr","locations":[{"start":{"line":147,"column":42},"end":{"line":147,"column":73},"skip":true},{"start":{"line":147,"column":77},"end":{"line":156,"column":9},"skip":true}]},"15":{"line":158,"type":"binary-expr","locations":[{"start":{"line":158,"column":45},"end":{"line":158,"column":79},"skip":true},{"start":{"line":158,"column":83},"end":{"line":167,"column":9},"skip":true}]},"16":{"line":169,"type":"binary-expr","locations":[{"start":{"line":169,"column":43},"end":{"line":169,"column":75},"skip":true},{"start":{"line":169,"column":79},"end":{"line":178,"column":9},"skip":true}]},"17":{"line":180,"type":"binary-expr","locations":[{"start":{"line":180,"column":41},"end":{"line":180,"column":71},"skip":true},{"start":{"line":180,"column":75},"end":{"line":189,"column":9},"skip":true}]}},"code":["/* istanbul instrument in package npmtest_grunt_contrib_concat */","/*jslint","    bitwise: true,","    browser: true,","    maxerr: 8,","    maxlen: 96,","    node: true,","    nomen: true,","    regexp: true,","    stupid: true","*/","(function () {","    'use strict';","    var local;","","","","    // run shared js-env code - pre-init","    (function () {","        // init local","        local = {};","        // init modeJs","        local.modeJs = (function () {","            try {","                return typeof navigator.userAgent === 'string' &&","                    typeof document.querySelector('body') === 'object' &&","                    typeof XMLHttpRequest.prototype.open === 'function' &&","                    'browser';","            } catch (errorCaughtBrowser) {","                return module.exports &&","                    typeof process.versions.node === 'string' &&","                    typeof require('http').createServer === 'function' &&","                    'node';","            }","        }());","        // init global","        local.global = local.modeJs === 'browser'","            ? window","            : global;","        switch (local.modeJs) {","        // re-init local from window.local","        case 'browser':","            local = local.global.utility2.objectSetDefault(","                local.global.utility2_rollup || local.global.local,","                local.global.utility2","            );","            break;","        // re-init local from example.js","        case 'node':","            local = (local.global.utility2_rollup || require('utility2'))","                .requireExampleJsFromReadme();","            break;","        }","        // export local","        local.global.local = local;","    }());","","","","    // run shared js-env code - function","    (function () {","        return;","    }());","    switch (local.modeJs) {","","","","    // run browser js-env code - function","    case 'browser':","        break;","","","","    // run node js-env code - function","    case 'node':","        break;","    }","","","","    // run shared js-env code - post-init","    (function () {","        return;","    }());","    switch (local.modeJs) {","","","","    // run browser js-env code - post-init","    case 'browser':","        local.testCase_browser_nullCase = local.testCase_browser_nullCase || function (","            options,","            onError","        ) {","        /*","         * this function will test browsers's null-case handling-behavior-behavior","         */","            onError(null, options);","        };","","        // run tests","        local.nop(local.modeTest &&","            document.querySelector('#testRunButton1') &&","            document.querySelector('#testRunButton1').click());","        break;","","","","    // run node js-env code - post-init","    /* istanbul ignore next */","    case 'node':","        local.testCase_buildApidoc_default = local.testCase_buildApidoc_default || function (","            options,","            onError","        ) {","        /*","         * this function will test buildApidoc's default handling-behavior-behavior","         */","            options = { modulePathList: module.paths };","            local.buildApidoc(options, onError);","        };","","        local.testCase_buildApp_default = local.testCase_buildApp_default || function (","            options,","            onError","        ) {","        /*","         * this function will test buildApp's default handling-behavior-behavior","         */","            local.testCase_buildReadme_default(options, local.onErrorThrow);","            local.testCase_buildLib_default(options, local.onErrorThrow);","            local.testCase_buildTest_default(options, local.onErrorThrow);","            local.testCase_buildCustomOrg_default(options, local.onErrorThrow);","            options = [];","            local.buildApp(options, onError);","        };","","        local.testCase_buildCustomOrg_default = local.testCase_buildCustomOrg_default ||","            function (options, onError) {","            /*","             * this function will test buildCustomOrg's default handling-behavior","             */","                options = {};","                local.buildCustomOrg(options, onError);","            };","","        local.testCase_buildLib_default = local.testCase_buildLib_default || function (","            options,","            onError","        ) {","        /*","         * this function will test buildLib's default handling-behavior","         */","            options = {};","            local.buildLib(options, onError);","        };","","        local.testCase_buildReadme_default = local.testCase_buildReadme_default || function (","            options,","            onError","        ) {","        /*","         * this function will test buildReadme's default handling-behavior-behavior","         */","            options = {};","            local.buildReadme(options, onError);","        };","","        local.testCase_buildTest_default = local.testCase_buildTest_default || function (","            options,","            onError","        ) {","        /*","         * this function will test buildTest's default handling-behavior","         */","            options = {};","            local.buildTest(options, onError);","        };","","        local.testCase_webpage_default = local.testCase_webpage_default || function (","            options,","            onError","        ) {","        /*","         * this function will test webpage's default handling-behavior","         */","            options = { modeCoverageMerge: true, url: local.serverLocalHost + '?modeTest=1' };","            local.browserTest(options, onError);","        };","","        // run test-server","        local.testRunServer(local);","        break;","    }","}());",""],"l":{"12":2,"14":2,"19":2,"21":2,"23":2,"24":2,"25":2,"30":1,"37":2,"40":2,"43":1,"47":1,"50":1,"52":1,"55":2,"61":2,"62":2,"64":2,"70":1,"76":1,"82":2,"83":2,"85":2,"91":1,"98":1,"102":1,"105":1,"112":1,"119":1,"120":1,"123":1,"130":1,"131":1,"132":1,"133":1,"134":1,"135":1,"138":1,"143":2,"144":2,"147":1,"154":2,"155":2,"158":1,"165":2,"166":2,"169":1,"176":2,"177":2,"180":1,"187":1,"188":1,"192":1,"193":1}},"/home/travis/build/npmtest/node-npmtest-grunt-contrib-concat/lib.npmtest_grunt_contrib_concat.js":{"path":"/home/travis/build/npmtest/node-npmtest-grunt-contrib-concat/lib.npmtest_grunt_contrib_concat.js","s":{"1":2,"2":2,"3":2,"4":2,"5":2,"6":2,"7":2,"8":1,"9":2,"10":2,"11":2,"12":2,"13":1,"14":1,"15":1,"16":1},"b":{"1":[2,1,1,1],"2":[1,1,1,1],"3":[1,1],"4":[2,2],"5":[1,1]},"f":{"1":2,"2":2,"3":2},"fnMap":{"1":{"name":"(anonymous_1)","line":12,"loc":{"start":{"line":12,"column":1},"end":{"line":12,"column":13}}},"2":{"name":"(anonymous_2)","line":19,"loc":{"start":{"line":19,"column":5},"end":{"line":19,"column":17}}},"3":{"name":"(anonymous_3)","line":23,"loc":{"start":{"line":23,"column":24},"end":{"line":23,"column":36}}}},"statementMap":{"1":{"start":{"line":12,"column":0},"end":{"line":53,"column":5}},"2":{"start":{"line":14,"column":4},"end":{"line":14,"column":14}},"3":{"start":{"line":19,"column":4},"end":{"line":52,"column":9}},"4":{"start":{"line":21,"column":8},"end":{"line":21,"column":19}},"5":{"start":{"line":23,"column":8},"end":{"line":35,"column":13}},"6":{"start":{"line":24,"column":12},"end":{"line":34,"column":13}},"7":{"start":{"line":25,"column":16},"end":{"line":28,"column":30}},"8":{"start":{"line":30,"column":16},"end":{"line":33,"column":27}},"9":{"start":{"line":37,"column":8},"end":{"line":39,"column":21}},"10":{"start":{"line":41,"column":8},"end":{"line":41,"column":54}},"11":{"start":{"line":43,"column":8},"end":{"line":43,"column":65}},"12":{"start":{"line":45,"column":8},"end":{"line":51,"column":9}},"13":{"start":{"line":46,"column":12},"end":{"line":46,"column":71}},"14":{"start":{"line":48,"column":12},"end":{"line":48,"column":35}},"15":{"start":{"line":49,"column":12},"end":{"line":49,"column":49}},"16":{"start":{"line":50,"column":12},"end":{"line":50,"column":43}}},"branchMap":{"1":{"line":25,"type":"binary-expr","locations":[{"start":{"line":25,"column":23},"end":{"line":25,"column":62}},{"start":{"line":26,"column":20},"end":{"line":26,"column":70}},{"start":{"line":27,"column":20},"end":{"line":27,"column":71}},{"start":{"line":28,"column":20},"end":{"line":28,"column":29}}]},"2":{"line":30,"type":"binary-expr","locations":[{"start":{"line":30,"column":23},"end":{"line":30,"column":37}},{"start":{"line":31,"column":20},"end":{"line":31,"column":61}},{"start":{"line":32,"column":20},"end":{"line":32,"column":70}},{"start":{"line":33,"column":20},"end":{"line":33,"column":26}}]},"3":{"line":37,"type":"cond-expr","locations":[{"start":{"line":38,"column":14},"end":{"line":38,"column":20}},{"start":{"line":39,"column":14},"end":{"line":39,"column":20}}]},"4":{"line":41,"type":"binary-expr","locations":[{"start":{"line":41,"column":16},"end":{"line":41,"column":44}},{"start":{"line":41,"column":48},"end":{"line":41,"column":53}}]},"5":{"line":45,"type":"if","locations":[{"start":{"line":45,"column":8},"end":{"line":45,"column":8}},{"start":{"line":45,"column":8},"end":{"line":45,"column":8}}]}},"code":["/* istanbul instrument in package npmtest_grunt_contrib_concat */","/*jslint","    bitwise: true,","    browser: true,","    maxerr: 8,","    maxlen: 96,","    node: true,","    nomen: true,","    regexp: true,","    stupid: true","*/","(function () {","    'use strict';","    var local;","","","","    // run shared js-env code - pre-init","    (function () {","        // init local","        local = {};","        // init modeJs","        local.modeJs = (function () {","            try {","                return typeof navigator.userAgent === 'string' &&","                    typeof document.querySelector('body') === 'object' &&","                    typeof XMLHttpRequest.prototype.open === 'function' &&","                    'browser';","            } catch (errorCaughtBrowser) {","                return module.exports &&","                    typeof process.versions.node === 'string' &&","                    typeof require('http').createServer === 'function' &&","                    'node';","            }","        }());","        // init global","        local.global = local.modeJs === 'browser'","            ? window","            : global;","        // init utility2_rollup","        local = local.global.utility2_rollup || local;","        // init lib","        local.local = local.npmtest_grunt_contrib_concat = local;","        // init exports","        if (local.modeJs === 'browser') {","            local.global.utility2_npmtest_grunt_contrib_concat = local;","        } else {","            module.exports = local;","            module.exports.__dirname = __dirname;","            module.exports.module = module;","        }","    }());","}());",""],"l":{"12":2,"14":2,"19":2,"21":2,"23":2,"24":2,"25":2,"30":1,"37":2,"41":2,"43":2,"45":2,"46":1,"48":1,"49":1,"50":1}},"/home/travis/build/npmtest/node-npmtest-grunt-contrib-concat/example.js":{"path":"/home/travis/build/npmtest/node-npmtest-grunt-contrib-concat/example.js","s":{"1":2,"2":2,"3":2,"4":2,"5":2,"6":2,"7":2,"8":1,"9":2,"10":2,"11":2,"12":2,"13":1,"14":2,"15":2,"16":2,"17":2,"18":2,"19":0,"20":2,"21":1,"22":1,"23":1,"24":1,"25":1,"26":0,"27":0,"28":1,"29":1,"30":2,"31":0,"32":0,"33":0,"34":1,"35":2,"36":2,"37":3,"38":3,"39":3,"40":3,"41":0,"42":3,"43":3,"44":3,"45":1,"46":3,"47":1,"48":1,"49":1,"50":1,"51":1,"52":1,"53":1,"54":1,"55":1,"56":1,"57":0,"58":1,"59":6,"60":6,"61":1,"62":2,"63":0,"64":2,"65":1,"66":1,"67":0,"68":0,"69":0,"70":0,"71":0,"72":0,"73":0,"74":0,"75":0,"76":0,"77":0,"78":0,"79":0,"80":0,"81":0,"82":0,"83":0},"b":{"1":[2,1,1,1],"2":[1,1,1,1],"3":[1,1],"4":[2,2],"5":[1,1],"6":[1,1],"7":[2,0],"8":[2,1,1,1,1,1],"9":[0,2,0],"10":[1,1],"11":[2,1,1],"12":[1,0],"13":[0,2],"14":[2,0,0,0,0,0,0],"15":[0,3],"16":[3,0],"17":[1,1],"18":[0,1],"19":[1,2,0,2],"20":[1,0],"21":[1,1],"22":[0,0],"23":[0,0],"24":[0,0],"25":[0,0],"26":[0,0],"27":[0,0],"28":[0,0]},"f":{"1":2,"2":2,"3":2,"4":2,"5":2,"6":2,"7":3,"8":3,"9":3,"10":1,"11":6,"12":0},"fnMap":{"1":{"name":"(anonymous_1)","line":26,"loc":{"start":{"line":26,"column":1},"end":{"line":26,"column":13}}},"2":{"name":"(anonymous_2)","line":33,"loc":{"start":{"line":33,"column":5},"end":{"line":33,"column":17}}},"3":{"name":"(anonymous_3)","line":37,"loc":{"start":{"line":37,"column":24},"end":{"line":37,"column":36}}},"4":{"name":"(anonymous_4)","line":69,"loc":{"start":{"line":69,"column":31},"end":{"line":69,"column":48}},"skip":true},"5":{"name":"(anonymous_5)","line":78,"loc":{"start":{"line":78,"column":26},"end":{"line":78,"column":45}},"skip":true},"6":{"name":"(anonymous_6)","line":123,"loc":{"start":{"line":123,"column":33},"end":{"line":123,"column":48}},"skip":true},"7":{"name":"(anonymous_7)","line":125,"loc":{"start":{"line":125,"column":27},"end":{"line":125,"column":39}},"skip":true},"8":{"name":"(anonymous_8)","line":133,"loc":{"start":{"line":133,"column":59},"end":{"line":133,"column":74}},"skip":true},"9":{"name":"(anonymous_9)","line":143,"loc":{"start":{"line":143,"column":45},"end":{"line":143,"column":62}},"skip":true},"10":{"name":"(anonymous_10)","line":144,"loc":{"start":{"line":144,"column":73},"end":{"line":144,"column":92}},"skip":true},"11":{"name":"(anonymous_11)","line":272,"loc":{"start":{"line":272,"column":51},"end":{"line":272,"column":77}},"skip":true},"12":{"name":"(anonymous_12)","line":315,"loc":{"start":{"line":315,"column":32},"end":{"line":315,"column":61}},"skip":true}},"statementMap":{"1":{"start":{"line":26,"column":0},"end":{"line":326,"column":5}},"2":{"start":{"line":28,"column":4},"end":{"line":28,"column":14}},"3":{"start":{"line":33,"column":4},"end":{"line":60,"column":9}},"4":{"start":{"line":35,"column":8},"end":{"line":35,"column":19}},"5":{"start":{"line":37,"column":8},"end":{"line":49,"column":13}},"6":{"start":{"line":38,"column":12},"end":{"line":48,"column":13}},"7":{"start":{"line":39,"column":16},"end":{"line":42,"column":30}},"8":{"start":{"line":44,"column":16},"end":{"line":47,"column":27}},"9":{"start":{"line":51,"column":8},"end":{"line":53,"column":21}},"10":{"start":{"line":55,"column":8},"end":{"line":57,"column":45}},"11":{"start":{"line":59,"column":8},"end":{"line":59,"column":35}},"12":{"start":{"line":61,"column":4},"end":{"line":325,"column":5}},"13":{"start":{"line":69,"column":8},"end":{"line":121,"column":10},"skip":true},"14":{"start":{"line":70,"column":12},"end":{"line":88,"column":13},"skip":true},"15":{"start":{"line":76,"column":16},"end":{"line":87,"column":19},"skip":true},"16":{"start":{"line":79,"column":20},"end":{"line":86,"column":21},"skip":true},"17":{"start":{"line":82,"column":24},"end":{"line":82,"column":43},"skip":true},"18":{"start":{"line":83,"column":24},"end":{"line":83,"column":30},"skip":true},"19":{"start":{"line":85,"column":24},"end":{"line":85,"column":49},"skip":true},"20":{"start":{"line":89,"column":12},"end":{"line":107,"column":13},"skip":true},"21":{"start":{"line":92,"column":16},"end":{"line":102,"column":17},"skip":true},"22":{"start":{"line":93,"column":20},"end":{"line":93,"column":86},"skip":true},"23":{"start":{"line":94,"column":20},"end":{"line":95,"column":45},"skip":true},"24":{"start":{"line":96,"column":20},"end":{"line":96,"column":42},"skip":true},"25":{"start":{"line":97,"column":20},"end":{"line":97,"column":48},"skip":true},"26":{"start":{"line":100,"column":20},"end":{"line":100,"column":85},"skip":true},"27":{"start":{"line":101,"column":20},"end":{"line":101,"column":96},"skip":true},"28":{"start":{"line":103,"column":16},"end":{"line":103,"column":22},"skip":true},"29":{"start":{"line":106,"column":16},"end":{"line":106,"column":22},"skip":true},"30":{"start":{"line":108,"column":12},"end":{"line":120,"column":13},"skip":true},"31":{"start":{"line":114,"column":16},"end":{"line":119,"column":17},"skip":true},"32":{"start":{"line":116,"column":20},"end":{"line":116,"column":78},"skip":true},"33":{"start":{"line":118,"column":20},"end":{"line":118,"column":47},"skip":true},"34":{"start":{"line":123,"column":8},"end":{"line":141,"column":11},"skip":true},"35":{"start":{"line":124,"column":12},"end":{"line":124,"column":54},"skip":true},"36":{"start":{"line":125,"column":12},"end":{"line":140,"column":14},"skip":true},"37":{"start":{"line":126,"column":16},"end":{"line":126,"column":28},"skip":true},"38":{"start":{"line":127,"column":16},"end":{"line":127,"column":69},"skip":true},"39":{"start":{"line":128,"column":16},"end":{"line":128,"column":75},"skip":true},"40":{"start":{"line":129,"column":16},"end":{"line":131,"column":17},"skip":true},"41":{"start":{"line":130,"column":20},"end":{"line":130,"column":27},"skip":true},"42":{"start":{"line":133,"column":16},"end":{"line":137,"column":36},"skip":true},"43":{"start":{"line":134,"column":20},"end":{"line":136,"column":55},"skip":true},"44":{"start":{"line":139,"column":16},"end":{"line":139,"column":57},"skip":true},"45":{"start":{"line":143,"column":8},"end":{"line":147,"column":11},"skip":true},"46":{"start":{"line":144,"column":12},"end":{"line":146,"column":15},"skip":true},"47":{"start":{"line":145,"column":16},"end":{"line":145,"column":70},"skip":true},"48":{"start":{"line":149,"column":8},"end":{"line":149,"column":31},"skip":true},"49":{"start":{"line":150,"column":8},"end":{"line":150,"column":14},"skip":true},"50":{"start":{"line":158,"column":8},"end":{"line":158,"column":31},"skip":true},"51":{"start":{"line":160,"column":8},"end":{"line":160,"column":33},"skip":true},"52":{"start":{"line":161,"column":8},"end":{"line":161,"column":37},"skip":true},"53":{"start":{"line":162,"column":8},"end":{"line":162,"column":35},"skip":true},"54":{"start":{"line":164,"column":8},"end":{"line":164,"column":50},"skip":true},"55":{"start":{"line":166,"column":8},"end":{"line":256,"column":2},"skip":true},"56":{"start":{"line":258,"column":8},"end":{"line":286,"column":9},"skip":true},"57":{"start":{"line":259,"column":12},"end":{"line":269,"column":14},"skip":true},"58":{"start":{"line":271,"column":12},"end":{"line":285,"column":19},"skip":true},"59":{"start":{"line":274,"column":20},"end":{"line":274,"column":35},"skip":true},"60":{"start":{"line":275,"column":20},"end":{"line":284,"column":21},"skip":true},"61":{"start":{"line":277,"column":24},"end":{"line":277,"column":64},"skip":true},"62":{"start":{"line":279,"column":24},"end":{"line":279,"column":40},"skip":true},"63":{"start":{"line":281,"column":24},"end":{"line":281,"column":40},"skip":true},"64":{"start":{"line":283,"column":24},"end":{"line":283,"column":39},"skip":true},"65":{"start":{"line":288,"column":8},"end":{"line":290,"column":9},"skip":true},"66":{"start":{"line":289,"column":12},"end":{"line":289,"column":18},"skip":true},"67":{"start":{"line":291,"column":8},"end":{"line":293,"column":54},"skip":true},"68":{"start":{"line":296,"column":8},"end":{"line":301,"column":37},"skip":true},"69":{"start":{"line":303,"column":8},"end":{"line":303,"column":82},"skip":true},"70":{"start":{"line":306,"column":8},"end":{"line":308,"column":9},"skip":true},"71":{"start":{"line":307,"column":12},"end":{"line":307,"column":82},"skip":true},"72":{"start":{"line":310,"column":8},"end":{"line":312,"column":9},"skip":true},"73":{"start":{"line":311,"column":12},"end":{"line":311,"column":18},"skip":true},"74":{"start":{"line":313,"column":8},"end":{"line":313,"column":54},"skip":true},"75":{"start":{"line":314,"column":8},"end":{"line":314,"column":69},"skip":true},"76":{"start":{"line":315,"column":8},"end":{"line":323,"column":36},"skip":true},"77":{"start":{"line":316,"column":12},"end":{"line":316,"column":61},"skip":true},"78":{"start":{"line":317,"column":12},"end":{"line":320,"column":13},"skip":true},"79":{"start":{"line":318,"column":16},"end":{"line":318,"column":75},"skip":true},"80":{"start":{"line":319,"column":16},"end":{"line":319,"column":23},"skip":true},"81":{"start":{"line":321,"column":12},"end":{"line":321,"column":38},"skip":true},"82":{"start":{"line":322,"column":12},"end":{"line":322,"column":27},"skip":true},"83":{"start":{"line":324,"column":8},"end":{"line":324,"column":14},"skip":true}},"branchMap":{"1":{"line":39,"type":"binary-expr","locations":[{"start":{"line":39,"column":23},"end":{"line":39,"column":62}},{"start":{"line":40,"column":20},"end":{"line":40,"column":70}},{"start":{"line":41,"column":20},"end":{"line":41,"column":71}},{"start":{"line":42,"column":20},"end":{"line":42,"column":29}}]},"2":{"line":44,"type":"binary-expr","locations":[{"start":{"line":44,"column":23},"end":{"line":44,"column":37}},{"start":{"line":45,"column":20},"end":{"line":45,"column":61}},{"start":{"line":46,"column":20},"end":{"line":46,"column":70}},{"start":{"line":47,"column":20},"end":{"line":47,"column":26}}]},"3":{"line":51,"type":"cond-expr","locations":[{"start":{"line":52,"column":14},"end":{"line":52,"column":20}},{"start":{"line":53,"column":14},"end":{"line":53,"column":20}}]},"4":{"line":55,"type":"binary-expr","locations":[{"start":{"line":55,"column":16},"end":{"line":55,"column":44}},{"start":{"line":55,"column":49},"end":{"line":57,"column":43}}]},"5":{"line":55,"type":"cond-expr","locations":[{"start":{"line":56,"column":14},"end":{"line":56,"column":64}},{"start":{"line":57,"column":14},"end":{"line":57,"column":43}}]},"6":{"line":61,"type":"switch","locations":[{"start":{"line":68,"column":4},"end":{"line":150,"column":14},"skip":true},{"start":{"line":156,"column":4},"end":{"line":324,"column":14},"skip":true}]},"7":{"line":70,"type":"if","locations":[{"start":{"line":70,"column":12},"end":{"line":70,"column":12},"skip":true},{"start":{"line":70,"column":12},"end":{"line":70,"column":12},"skip":true}]},"8":{"line":70,"type":"binary-expr","locations":[{"start":{"line":70,"column":16},"end":{"line":70,"column":22},"skip":true},{"start":{"line":70,"column":27},"end":{"line":70,"column":32},"skip":true},{"start":{"line":71,"column":20},"end":{"line":71,"column":39},"skip":true},{"start":{"line":72,"column":20},"end":{"line":72,"column":49},"skip":true},{"start":{"line":73,"column":20},"end":{"line":73,"column":58},"skip":true},{"start":{"line":74,"column":20},"end":{"line":74,"column":69},"skip":true}]},"9":{"line":79,"type":"switch","locations":[{"start":{"line":80,"column":20},"end":{"line":80,"column":33},"skip":true},{"start":{"line":81,"column":20},"end":{"line":83,"column":30},"skip":true},{"start":{"line":84,"column":20},"end":{"line":85,"column":49},"skip":true}]},"10":{"line":89,"type":"switch","locations":[{"start":{"line":90,"column":12},"end":{"line":103,"column":22},"skip":true},{"start":{"line":105,"column":12},"end":{"line":106,"column":22},"skip":true}]},"11":{"line":89,"type":"binary-expr","locations":[{"start":{"line":89,"column":20},"end":{"line":89,"column":25},"skip":true},{"start":{"line":89,"column":29},"end":{"line":89,"column":48},"skip":true},{"start":{"line":89,"column":52},"end":{"line":89,"column":74},"skip":true}]},"12":{"line":92,"type":"if","locations":[{"start":{"line":92,"column":16},"end":{"line":92,"column":16},"skip":true},{"start":{"line":92,"column":16},"end":{"line":92,"column":16},"skip":true}]},"13":{"line":108,"type":"if","locations":[{"start":{"line":108,"column":12},"end":{"line":108,"column":12},"skip":true},{"start":{"line":108,"column":12},"end":{"line":108,"column":12},"skip":true}]},"14":{"line":108,"type":"binary-expr","locations":[{"start":{"line":108,"column":16},"end":{"line":108,"column":61},"skip":true},{"start":{"line":108,"column":66},"end":{"line":108,"column":72},"skip":true},{"start":{"line":108,"column":77},"end":{"line":108,"column":82},"skip":true},{"start":{"line":109,"column":20},"end":{"line":109,"column":39},"skip":true},{"start":{"line":110,"column":20},"end":{"line":110,"column":49},"skip":true},{"start":{"line":111,"column":20},"end":{"line":111,"column":58},"skip":true},{"start":{"line":112,"column":20},"end":{"line":112,"column":68},"skip":true}]},"15":{"line":129,"type":"if","locations":[{"start":{"line":129,"column":16},"end":{"line":129,"column":16},"skip":true},{"start":{"line":129,"column":16},"end":{"line":129,"column":16},"skip":true}]},"16":{"line":134,"type":"cond-expr","locations":[{"start":{"line":135,"column":26},"end":{"line":135,"column":29},"skip":true},{"start":{"line":136,"column":26},"end":{"line":136,"column":54},"skip":true}]},"17":{"line":164,"type":"binary-expr","locations":[{"start":{"line":164,"column":27},"end":{"line":164,"column":43},"skip":true},{"start":{"line":164,"column":47},"end":{"line":164,"column":49},"skip":true}]},"18":{"line":258,"type":"if","locations":[{"start":{"line":258,"column":8},"end":{"line":258,"column":8},"skip":true},{"start":{"line":258,"column":8},"end":{"line":258,"column":8},"skip":true}]},"19":{"line":275,"type":"switch","locations":[{"start":{"line":276,"column":20},"end":{"line":277,"column":64},"skip":true},{"start":{"line":278,"column":20},"end":{"line":279,"column":40},"skip":true},{"start":{"line":280,"column":20},"end":{"line":281,"column":40},"skip":true},{"start":{"line":282,"column":20},"end":{"line":283,"column":39},"skip":true}]},"20":{"line":288,"type":"if","locations":[{"start":{"line":288,"column":8},"end":{"line":288,"column":8},"skip":true},{"start":{"line":288,"column":8},"end":{"line":288,"column":8},"skip":true}]},"21":{"line":288,"type":"binary-expr","locations":[{"start":{"line":288,"column":12},"end":{"line":288,"column":40},"skip":true},{"start":{"line":288,"column":44},"end":{"line":288,"column":67},"skip":true}]},"22":{"line":292,"type":"binary-expr","locations":[{"start":{"line":292,"column":12},"end":{"line":292,"column":50},"skip":true},{"start":{"line":293,"column":12},"end":{"line":293,"column":53},"skip":true}]},"23":{"line":297,"type":"binary-expr","locations":[{"start":{"line":297,"column":12},"end":{"line":297,"column":78},"skip":true},{"start":{"line":298,"column":12},"end":{"line":301,"column":36},"skip":true}]},"24":{"line":303,"type":"binary-expr","locations":[{"start":{"line":303,"column":43},"end":{"line":303,"column":75},"skip":true},{"start":{"line":303,"column":79},"end":{"line":303,"column":81},"skip":true}]},"25":{"line":306,"type":"if","locations":[{"start":{"line":306,"column":8},"end":{"line":306,"column":8},"skip":true},{"start":{"line":306,"column":8},"end":{"line":306,"column":8},"skip":true}]},"26":{"line":310,"type":"if","locations":[{"start":{"line":310,"column":8},"end":{"line":310,"column":8},"skip":true},{"start":{"line":310,"column":8},"end":{"line":310,"column":8},"skip":true}]},"27":{"line":313,"type":"binary-expr","locations":[{"start":{"line":313,"column":27},"end":{"line":313,"column":43},"skip":true},{"start":{"line":313,"column":47},"end":{"line":313,"column":53},"skip":true}]},"28":{"line":317,"type":"if","locations":[{"start":{"line":317,"column":12},"end":{"line":317,"column":12},"skip":true},{"start":{"line":317,"column":12},"end":{"line":317,"column":12},"skip":true}]}},"code":["/*","example.js","","quickstart example","","instruction","    1. save this script as example.js","    2. run the shell command:","        $ npm install npmtest-grunt-contrib-concat && PORT=8081 node example.js","    3. play with the browser-demo on http://127.0.0.1:8081","*/","","","","/* istanbul instrument in package npmtest_grunt_contrib_concat */","/*jslint","    bitwise: true,","    browser: true,","    maxerr: 8,","    maxlen: 96,","    node: true,","    nomen: true,","    regexp: true,","    stupid: true","*/","(function () {","    'use strict';","    var local;","","","","    // run shared js-env code - pre-init","    (function () {","        // init local","        local = {};","        // init modeJs","        local.modeJs = (function () {","            try {","                return typeof navigator.userAgent === 'string' &&","                    typeof document.querySelector('body') === 'object' &&","                    typeof XMLHttpRequest.prototype.open === 'function' &&","                    'browser';","            } catch (errorCaughtBrowser) {","                return module.exports &&","                    typeof process.versions.node === 'string' &&","                    typeof require('http').createServer === 'function' &&","                    'node';","            }","        }());","        // init global","        local.global = local.modeJs === 'browser'","            ? window","            : global;","        // init utility2_rollup","        local = local.global.utility2_rollup || (local.modeJs === 'browser'","            ? local.global.utility2_npmtest_grunt_contrib_concat","            : global.utility2_moduleExports);","        // export local","        local.global.local = local;","    }());","    switch (local.modeJs) {","","","","    // post-init","    // run browser js-env code - post-init","    /* istanbul ignore next */","    case 'browser':","        local.testRunBrowser = function (event) {","            if (!event || (event &&","                    event.currentTarget &&","                    event.currentTarget.className &&","                    event.currentTarget.className.includes &&","                    event.currentTarget.className.includes('onreset'))) {","                // reset output","                Array.from(","                    document.querySelectorAll('body > .resettable')","                ).forEach(function (element) {","                    switch (element.tagName) {","                    case 'INPUT':","                    case 'TEXTAREA':","                        element.value = '';","                        break;","                    default:","                        element.textContent = '';","                    }","                });","            }","            switch (event && event.currentTarget && event.currentTarget.id) {","            case 'testRunButton1':","                // show tests","                if (document.querySelector('#testReportDiv1').style.display === 'none') {","                    document.querySelector('#testReportDiv1').style.display = 'block';","                    document.querySelector('#testRunButton1').textContent =","                        'hide internal test';","                    local.modeTest = true;","                    local.testRunDefault(local);","                // hide tests","                } else {","                    document.querySelector('#testReportDiv1').style.display = 'none';","                    document.querySelector('#testRunButton1').textContent = 'run internal test';","                }","                break;","            // custom-case","            default:","                break;","            }","            if (document.querySelector('#inputTextareaEval1') && (!event || (event &&","                    event.currentTarget &&","                    event.currentTarget.className &&","                    event.currentTarget.className.includes &&","                    event.currentTarget.className.includes('oneval')))) {","                // try to eval input-code","                try {","                    /*jslint evil: true*/","                    eval(document.querySelector('#inputTextareaEval1').value);","                } catch (errorCaught) {","                    console.error(errorCaught);","                }","            }","        };","        // log stderr and stdout to #outputTextareaStdout1","        ['error', 'log'].forEach(function (key) {","            console[key + '_original'] = console[key];","            console[key] = function () {","                var element;","                console[key + '_original'].apply(console, arguments);","                element = document.querySelector('#outputTextareaStdout1');","                if (!element) {","                    return;","                }","                // append text to #outputTextareaStdout1","                element.value += Array.from(arguments).map(function (arg) {","                    return typeof arg === 'string'","                        ? arg","                        : JSON.stringify(arg, null, 4);","                }).join(' ') + '\\n';","                // scroll textarea to bottom","                element.scrollTop = element.scrollHeight;","            };","        });","        // init event-handling","        ['change', 'click', 'keyup'].forEach(function (event) {","            Array.from(document.querySelectorAll('.on' + event)).forEach(function (element) {","                element.addEventListener(event, local.testRunBrowser);","            });","        });","        // run tests","        local.testRunBrowser();","        break;","","","","    // run node js-env code - post-init","    /* istanbul ignore next */","    case 'node':","        // export local","        module.exports = local;","        // require modules","        local.fs = require('fs');","        local.http = require('http');","        local.url = require('url');","        // init assets","        local.assetsDict = local.assetsDict || {};","        /* jslint-ignore-begin */","        local.assetsDict['/assets.index.template.html'] = '\\","<!doctype html>\\n\\","<html lang=\"en\">\\n\\","<head>\\n\\","<meta charset=\"UTF-8\">\\n\\","<meta name=\"viewport\" content=\"width=device-width, initial-scale=1\">\\n\\","<title>{{env.npm_package_name}} (v{{env.npm_package_version}})</title>\\n\\","<style>\\n\\","/*csslint\\n\\","    box-sizing: false,\\n\\","    universal-selector: false\\n\\","*/\\n\\","* {\\n\\","    box-sizing: border-box;\\n\\","}\\n\\","body {\\n\\","    background: #dde;\\n\\","    font-family: Arial, Helvetica, sans-serif;\\n\\","    margin: 2rem;\\n\\","}\\n\\","body > * {\\n\\","    margin-bottom: 1rem;\\n\\","}\\n\\",".utility2FooterDiv {\\n\\","    margin-top: 20px;\\n\\","    text-align: center;\\n\\","}\\n\\","</style>\\n\\","<style>\\n\\","/*csslint\\n\\","*/\\n\\","textarea {\\n\\","    font-family: monospace;\\n\\","    height: 10rem;\\n\\","    width: 100%;\\n\\","}\\n\\","textarea[readonly] {\\n\\","    background: #ddd;\\n\\","}\\n\\","</style>\\n\\","</head>\\n\\","<body>\\n\\","<!-- utility2-comment\\n\\","<div id=\"ajaxProgressDiv1\" style=\"background: #d00; height: 2px; left: 0; margin: 0; padding: 0; position: fixed; top: 0; transition: background 0.5s, width 1.5s; width: 25%;\"></div>\\n\\","utility2-comment -->\\n\\","<h1>\\n\\","<!-- utility2-comment\\n\\","    <a\\n\\","        {{#if env.npm_package_homepage}}\\n\\","        href=\"{{env.npm_package_homepage}}\"\\n\\","        {{/if env.npm_package_homepage}}\\n\\","        target=\"_blank\"\\n\\","    >\\n\\","utility2-comment -->\\n\\","        {{env.npm_package_name}} (v{{env.npm_package_version}})\\n\\","<!-- utility2-comment\\n\\","    </a>\\n\\","utility2-comment -->\\n\\","</h1>\\n\\","<h3>{{env.npm_package_description}}</h3>\\n\\","<!-- utility2-comment\\n\\","<h4><a download href=\"assets.app.js\">download standalone app</a></h4>\\n\\","<button class=\"onclick onreset\" id=\"testRunButton1\">run internal test</button><br>\\n\\","<div id=\"testReportDiv1\" style=\"display: none;\"></div>\\n\\","utility2-comment -->\\n\\","\\n\\","\\n\\","\\n\\","<label>stderr and stdout</label>\\n\\","<textarea class=\"resettable\" id=\"outputTextareaStdout1\" readonly></textarea>\\n\\","<!-- utility2-comment\\n\\","{{#if isRollup}}\\n\\","<script src=\"assets.app.js\"></script>\\n\\","{{#unless isRollup}}\\n\\","utility2-comment -->\\n\\","<script src=\"assets.utility2.rollup.js\"></script>\\n\\","<script src=\"jsonp.utility2._stateInit?callback=window.utility2._stateInit\"></script>\\n\\","<script src=\"assets.npmtest_grunt_contrib_concat.rollup.js\"></script>\\n\\","<script src=\"assets.example.js\"></script>\\n\\","<script src=\"assets.test.js\"></script>\\n\\","<!-- utility2-comment\\n\\","{{/if isRollup}}\\n\\","utility2-comment -->\\n\\","<div class=\"utility2FooterDiv\">\\n\\","    [ this app was created with\\n\\","    <a href=\"https://github.com/kaizhu256/node-utility2\" target=\"_blank\">utility2</a>\\n\\","    ]\\n\\","</div>\\n\\","</body>\\n\\","</html>\\n\\","';","        /* jslint-ignore-end */","        if (local.templateRender) {","            local.assetsDict['/'] = local.templateRender(","                local.assetsDict['/assets.index.template.html'],","                {","                    env: local.objectSetDefault(local.env, {","                        npm_package_description: 'the greatest app in the world!',","                        npm_package_name: 'my-app',","                        npm_package_nameAlias: 'my_app',","                        npm_package_version: '0.0.1'","                    })","                }","            );","        } else {","            local.assetsDict['/'] = local.assetsDict['/assets.index.template.html']","                .replace((/\\{\\{env\\.(\\w+?)\\}\\}/g), function (match0, match1) {","                    // jslint-hack","                    String(match0);","                    switch (match1) {","                    case 'npm_package_description':","                        return 'the greatest app in the world!';","                    case 'npm_package_name':","                        return 'my-app';","                    case 'npm_package_nameAlias':","                        return 'my_app';","                    case 'npm_package_version':","                        return '0.0.1';","                    }","                });","        }","        // run the cli","        if (local.global.utility2_rollup || module !== require.main) {","            break;","        }","        local.assetsDict['/assets.example.js'] =","            local.assetsDict['/assets.example.js'] ||","            local.fs.readFileSync(__filename, 'utf8');","        // bug-workaround - long $npm_package_buildCustomOrg","        /* jslint-ignore-begin */","        local.assetsDict['/assets.npmtest_grunt_contrib_concat.rollup.js'] =","            local.assetsDict['/assets.npmtest_grunt_contrib_concat.rollup.js'] ||","            local.fs.readFileSync(","                local.npmtest_grunt_contrib_concat.__dirname + '/lib.npmtest_grunt_contrib_concat.js',","                'utf8'","            ).replace((/^#!/), '//');","        /* jslint-ignore-end */","        local.assetsDict['/favicon.ico'] = local.assetsDict['/favicon.ico'] || '';","        // if $npm_config_timeout_exit exists,","        // then exit this process after $npm_config_timeout_exit ms","        if (Number(process.env.npm_config_timeout_exit)) {","            setTimeout(process.exit, Number(process.env.npm_config_timeout_exit));","        }","        // start server","        if (local.global.utility2_serverHttp1) {","            break;","        }","        process.env.PORT = process.env.PORT || '8081';","        console.error('server starting on port ' + process.env.PORT);","        local.http.createServer(function (request, response) {","            request.urlParsed = local.url.parse(request.url);","            if (local.assetsDict[request.urlParsed.pathname] !== undefined) {","                response.end(local.assetsDict[request.urlParsed.pathname]);","                return;","            }","            response.statusCode = 404;","            response.end();","        }).listen(process.env.PORT);","        break;","    }","}());",""],"l":{"26":2,"28":2,"33":2,"35":2,"37":2,"38":2,"39":2,"44":1,"51":2,"55":2,"59":2,"61":2,"69":1,"70":2,"76":2,"79":2,"82":2,"83":2,"85":1,"89":2,"92":1,"93":1,"94":1,"96":1,"97":1,"100":1,"101":1,"103":1,"106":1,"108":2,"114":1,"116":1,"118":1,"123":1,"124":2,"125":2,"126":3,"127":3,"128":3,"129":3,"130":1,"133":3,"134":3,"139":3,"143":1,"144":3,"145":1,"149":1,"150":1,"158":1,"160":1,"161":1,"162":1,"164":1,"166":1,"258":1,"259":1,"271":1,"274":6,"275":6,"277":1,"279":2,"281":1,"283":2,"288":1,"289":1,"291":1,"296":1,"303":1,"306":1,"307":1,"310":1,"311":1,"313":1,"314":1,"315":1,"316":1,"317":1,"318":1,"319":1,"321":1,"322":1,"324":1}},"/home/travis/build/npmtest/node-npmtest-grunt-contrib-concat/node_modules/grunt-contrib-concat/tasks/concat.js":{"path":"/home/travis/build/npmtest/node-npmtest-grunt-contrib-concat/node_modules/grunt-contrib-concat/tasks/concat.js","s":{"1":1,"2":0,"3":0,"4":0,"5":0,"6":0,"7":0,"8":0,"9":0,"10":0,"11":0,"12":0,"13":0,"14":0,"15":0,"16":0,"17":0,"18":0,"19":0,"20":0,"21":0,"22":0,"23":0,"24":0,"25":0,"26":0,"27":0,"28":0,"29":0,"30":0,"31":0,"32":0,"33":0,"34":0,"35":0,"36":0,"37":0,"38":0,"39":0,"40":0,"41":0,"42":0,"43":0,"44":0,"45":0,"46":0,"47":0},"b":{"1":[0,0],"2":[0,0],"3":[0,0],"4":[0,0,0,0],"5":[0,0],"6":[0,0],"7":[0,0],"8":[0,0],"9":[0,0],"10":[0,0],"11":[0,0],"12":[0,0],"13":[0,0]},"f":{"1":0,"2":0,"3":0,"4":0,"5":0},"fnMap":{"1":{"name":"(anonymous_1)","line":11,"loc":{"start":{"line":11,"column":17},"end":{"line":11,"column":33}}},"2":{"name":"(anonymous_2)","line":18,"loc":{"start":{"line":18,"column":58},"end":{"line":18,"column":69}}},"3":{"name":"(anonymous_3)","line":64,"loc":{"start":{"line":64,"column":23},"end":{"line":64,"column":35}}},"4":{"name":"(anonymous_4)","line":73,"loc":{"start":{"line":73,"column":38},"end":{"line":73,"column":57}}},"5":{"name":"(anonymous_5)","line":80,"loc":{"start":{"line":80,"column":13},"end":{"line":80,"column":35}}}},"statementMap":{"1":{"start":{"line":11,"column":0},"end":{"line":121,"column":2}},"2":{"start":{"line":14,"column":2},"end":{"line":14,"column":53}},"3":{"start":{"line":15,"column":2},"end":{"line":15,"column":31}},"4":{"start":{"line":16,"column":2},"end":{"line":16,"column":57}},"5":{"start":{"line":18,"column":2},"end":{"line":119,"column":5}},"6":{"start":{"line":20,"column":4},"end":{"line":29,"column":7}},"7":{"start":{"line":32,"column":4},"end":{"line":34,"column":5}},"8":{"start":{"line":33,"column":6},"end":{"line":33,"column":32}},"9":{"start":{"line":35,"column":4},"end":{"line":37,"column":5}},"10":{"start":{"line":36,"column":6},"end":{"line":36,"column":27}},"11":{"start":{"line":40,"column":4},"end":{"line":40,"column":56}},"12":{"start":{"line":41,"column":4},"end":{"line":41,"column":56}},"13":{"start":{"line":44,"column":4},"end":{"line":44,"column":38}},"14":{"start":{"line":48,"column":4},"end":{"line":61,"column":5}},"15":{"start":{"line":53,"column":6},"end":{"line":56,"column":8}},"16":{"start":{"line":58,"column":6},"end":{"line":58,"column":58}},"17":{"start":{"line":60,"column":6},"end":{"line":60,"column":24}},"18":{"start":{"line":64,"column":4},"end":{"line":118,"column":7}},"19":{"start":{"line":66,"column":6},"end":{"line":66,"column":26}},"20":{"start":{"line":67,"column":6},"end":{"line":70,"column":7}},"21":{"start":{"line":68,"column":8},"end":{"line":68,"column":55}},"22":{"start":{"line":69,"column":8},"end":{"line":69,"column":36}},"23":{"start":{"line":73,"column":6},"end":{"line":104,"column":42}},"24":{"start":{"line":75,"column":8},"end":{"line":78,"column":9}},"25":{"start":{"line":76,"column":10},"end":{"line":76,"column":70}},"26":{"start":{"line":77,"column":10},"end":{"line":77,"column":23}},"27":{"start":{"line":79,"column":8},"end":{"line":79,"column":20}},"28":{"start":{"line":81,"column":8},"end":{"line":83,"column":9}},"29":{"start":{"line":82,"column":10},"end":{"line":82,"column":17}},"30":{"start":{"line":85,"column":8},"end":{"line":85,"column":44}},"31":{"start":{"line":87,"column":8},"end":{"line":91,"column":9}},"32":{"start":{"line":88,"column":10},"end":{"line":88,"column":47}},"33":{"start":{"line":89,"column":15},"end":{"line":91,"column":9}},"34":{"start":{"line":90,"column":10},"end":{"line":90,"column":61}},"35":{"start":{"line":93,"column":8},"end":{"line":95,"column":9}},"36":{"start":{"line":94,"column":10},"end":{"line":94,"column":63}},"37":{"start":{"line":97,"column":8},"end":{"line":102,"column":9}},"38":{"start":{"line":98,"column":10},"end":{"line":98,"column":56}},"39":{"start":{"line":99,"column":10},"end":{"line":101,"column":11}},"40":{"start":{"line":100,"column":12},"end":{"line":100,"column":51}},"41":{"start":{"line":103,"column":8},"end":{"line":103,"column":19}},"42":{"start":{"line":106,"column":6},"end":{"line":111,"column":7}},"43":{"start":{"line":107,"column":8},"end":{"line":107,"column":36}},"44":{"start":{"line":108,"column":8},"end":{"line":108,"column":32}},"45":{"start":{"line":110,"column":8},"end":{"line":110,"column":37}},"46":{"start":{"line":114,"column":6},"end":{"line":114,"column":36}},"47":{"start":{"line":117,"column":6},"end":{"line":117,"column":70}}},"branchMap":{"1":{"line":32,"type":"if","locations":[{"start":{"line":32,"column":4},"end":{"line":32,"column":4}},{"start":{"line":32,"column":4},"end":{"line":32,"column":4}}]},"2":{"line":35,"type":"if","locations":[{"start":{"line":35,"column":4},"end":{"line":35,"column":4}},{"start":{"line":35,"column":4},"end":{"line":35,"column":4}}]},"3":{"line":48,"type":"if","locations":[{"start":{"line":48,"column":4},"end":{"line":48,"column":4}},{"start":{"line":48,"column":4},"end":{"line":48,"column":4}}]},"4":{"line":49,"type":"binary-expr","locations":[{"start":{"line":49,"column":6},"end":{"line":49,"column":15}},{"start":{"line":49,"column":19},"end":{"line":49,"column":52}},{"start":{"line":50,"column":9},"end":{"line":50,"column":29}},{"start":{"line":50,"column":33},"end":{"line":50,"column":48}}]},"5":{"line":67,"type":"if","locations":[{"start":{"line":67,"column":6},"end":{"line":67,"column":6}},{"start":{"line":67,"column":6},"end":{"line":67,"column":6}}]},"6":{"line":75,"type":"if","locations":[{"start":{"line":75,"column":8},"end":{"line":75,"column":8}},{"start":{"line":75,"column":8},"end":{"line":75,"column":8}}]},"7":{"line":81,"type":"if","locations":[{"start":{"line":81,"column":8},"end":{"line":81,"column":8}},{"start":{"line":81,"column":8},"end":{"line":81,"column":8}}]},"8":{"line":87,"type":"if","locations":[{"start":{"line":87,"column":8},"end":{"line":87,"column":8}},{"start":{"line":87,"column":8},"end":{"line":87,"column":8}}]},"9":{"line":89,"type":"if","locations":[{"start":{"line":89,"column":15},"end":{"line":89,"column":15}},{"start":{"line":89,"column":15},"end":{"line":89,"column":15}}]},"10":{"line":93,"type":"if","locations":[{"start":{"line":93,"column":8},"end":{"line":93,"column":8}},{"start":{"line":93,"column":8},"end":{"line":93,"column":8}}]},"11":{"line":97,"type":"if","locations":[{"start":{"line":97,"column":8},"end":{"line":97,"column":8}},{"start":{"line":97,"column":8},"end":{"line":97,"column":8}}]},"12":{"line":99,"type":"if","locations":[{"start":{"line":99,"column":10},"end":{"line":99,"column":10}},{"start":{"line":99,"column":10},"end":{"line":99,"column":10}}]},"13":{"line":106,"type":"if","locations":[{"start":{"line":106,"column":6},"end":{"line":106,"column":6}},{"start":{"line":106,"column":6},"end":{"line":106,"column":6}}]}},"code":["/*"," * grunt-contrib-concat"," * http://gruntjs.com/"," *"," * Copyright (c) 2016 \"Cowboy\" Ben Alman, contributors"," * Licensed under the MIT license."," */","","'use strict';","","module.exports = function(grunt) {","","  // Internal lib.","  var comment = require('./lib/comment').init(grunt);","  var chalk = require('chalk');","  var sourcemap = require('./lib/sourcemap').init(grunt);","","  grunt.registerMultiTask('concat', 'Concatenate files.', function() {","    // Merge task-specific and/or target-specific options with these defaults.","    var options = this.options({","      separator: grunt.util.linefeed,","      banner: '',","      footer: '',","      stripBanners: false,","      process: false,","      sourceMap: false,","      sourceMapName: undefined,","      sourceMapStyle: 'embed'","    });","","    // Normalize boolean options that accept options objects.","    if (options.stripBanners === true) {","      options.stripBanners = {};","    }","    if (options.process === true) {","      options.process = {};","    }","","    // Process banner and footer.","    var banner = grunt.template.process(options.banner);","    var footer = grunt.template.process(options.footer);","","    // Set a local variable for whether to build source maps or not.","    var sourceMap = options.sourceMap;","","    // If content is not embedded and it will be modified, either exit or do","    // not make the source map.","    if (","      sourceMap && options.sourceMapStyle === 'link' &&","        (options.stripBanners || options.process)","    ) {","      // Warn and exit if --force isn't set.","      grunt.warn(","        'stripBanners or process option is enabled. ' +","        'Set sourceMapStyle option to \\'embed\\' or \\'inline\\'.'","      );","      // --force is set, continue on without the source map.","      grunt.log.warn('Skipping creation of source maps.');","      // Set sourceMap to false to keep maps from being constructed.","      sourceMap = false;","    }","","    // Iterate over all src-dest file pairs.","    this.files.forEach(function(f) {","      // Initialize source map objects.","      var sourceMapHelper;","      if (sourceMap) {","        sourceMapHelper = sourcemap.helper(f, options);","        sourceMapHelper.add(banner);","      }","","      // Concat banner + specified files + footer.","      var src = banner + f.src.filter(function(filepath) {","        // Warn on and remove invalid source files (if nonull was set).","        if (!grunt.file.exists(filepath)) {","          grunt.log.warn('Source file \"' + filepath + '\" not found.');","          return false;","        }","        return true;","      }).map(function(filepath, i) {","        if (grunt.file.isDir(filepath)) {","          return;","        }","        // Read file source.","        var src = grunt.file.read(filepath);","        // Process files as templates if requested.","        if (typeof options.process === 'function') {","          src = options.process(src, filepath);","        } else if (options.process) {","          src = grunt.template.process(src, options.process);","        }","        // Strip banners if requested.","        if (options.stripBanners) {","          src = comment.stripBanner(src, options.stripBanners);","        }","        // Add the lines of this file to our map.","        if (sourceMapHelper) {","          src = sourceMapHelper.addlines(src, filepath);","          if (i < f.src.length - 1) {","            sourceMapHelper.add(options.separator);","          }","        }","        return src;","      }).join(options.separator) + footer;","","      if (sourceMapHelper) {","        sourceMapHelper.add(footer);","        sourceMapHelper.write();","        // Add sourceMappingURL to the end.","        src += sourceMapHelper.url();","      }","","      // Write the destination file.","      grunt.file.write(f.dest, src);","","      // Print a success message.","      grunt.verbose.write('File ' + chalk.cyan(f.dest) + ' created.');","    });","  });","","};",""],"l":{"11":1,"14":0,"15":0,"16":0,"18":0,"20":0,"32":0,"33":0,"35":0,"36":0,"40":0,"41":0,"44":0,"48":0,"53":0,"58":0,"60":0,"64":0,"66":0,"67":0,"68":0,"69":0,"73":0,"75":0,"76":0,"77":0,"79":0,"81":0,"82":0,"85":0,"87":0,"88":0,"89":0,"90":0,"93":0,"94":0,"97":0,"98":0,"99":0,"100":0,"103":0,"106":0,"107":0,"108":0,"110":0,"114":0,"117":0}},"/home/travis/build/npmtest/node-npmtest-grunt-contrib-concat/node_modules/grunt-contrib-concat/tasks/lib/comment.js":{"path":"/home/travis/build/npmtest/node-npmtest-grunt-contrib-concat/node_modules/grunt-contrib-concat/tasks/lib/comment.js","s":{"1":1,"2":0,"3":0,"4":0,"5":0,"6":0,"7":0,"8":0,"9":0,"10":0,"11":0,"12":0,"13":0,"14":0},"b":{"1":[0,0],"2":[0,0],"3":[0,0]},"f":{"1":0,"2":0},"fnMap":{"1":{"name":"(anonymous_1)","line":11,"loc":{"start":{"line":11,"column":15},"end":{"line":11,"column":35}}},"2":{"name":"(anonymous_2)","line":15,"loc":{"start":{"line":15,"column":24},"end":{"line":15,"column":47}}}},"statementMap":{"1":{"start":{"line":11,"column":0},"end":{"line":37,"column":2}},"2":{"start":{"line":12,"column":2},"end":{"line":12,"column":19}},"3":{"start":{"line":15,"column":2},"end":{"line":34,"column":4}},"4":{"start":{"line":16,"column":4},"end":{"line":18,"column":5}},"5":{"start":{"line":17,"column":6},"end":{"line":17,"column":19}},"6":{"start":{"line":20,"column":4},"end":{"line":20,"column":15}},"7":{"start":{"line":21,"column":4},"end":{"line":24,"column":5}},"8":{"start":{"line":23,"column":6},"end":{"line":23,"column":43}},"9":{"start":{"line":25,"column":4},"end":{"line":31,"column":5}},"10":{"start":{"line":27,"column":6},"end":{"line":27,"column":39}},"11":{"start":{"line":30,"column":6},"end":{"line":30,"column":43}},"12":{"start":{"line":32,"column":4},"end":{"line":32,"column":64}},"13":{"start":{"line":33,"column":4},"end":{"line":33,"column":31}},"14":{"start":{"line":36,"column":2},"end":{"line":36,"column":17}}},"branchMap":{"1":{"line":16,"type":"if","locations":[{"start":{"line":16,"column":4},"end":{"line":16,"column":4}},{"start":{"line":16,"column":4},"end":{"line":16,"column":4}}]},"2":{"line":21,"type":"if","locations":[{"start":{"line":21,"column":4},"end":{"line":21,"column":4}},{"start":{"line":21,"column":4},"end":{"line":21,"column":4}}]},"3":{"line":25,"type":"if","locations":[{"start":{"line":25,"column":4},"end":{"line":25,"column":4}},{"start":{"line":25,"column":4},"end":{"line":25,"column":4}}]}},"code":["/*"," * grunt-contrib-concat"," * http://gruntjs.com/"," *"," * Copyright (c) 2016 \"Cowboy\" Ben Alman, contributors"," * Licensed under the MIT license."," */","","'use strict';","","exports.init = function(/*grunt*/) {","  var exports = {};","","  // Return the given source code with any leading banner comment stripped.","  exports.stripBanner = function(src, options) {","    if (!options) {","      options = {};","    }","","    var m = [];","    if (options.line) {","      // Strip // ... leading banners.","      m.push('(?:.*\\\\/\\\\/.*\\\\r?\\\\n)+\\\\s*');","    }","    if (options.block) {","      // Strips all /* ... */ block comment banners.","      m.push('\\\\/\\\\*[\\\\s\\\\S]*?\\\\*\\\\/');","    } else {","      // Strips only /* ... */ block comment banners, excluding /*! ... */.","      m.push('\\\\/\\\\*[^!][\\\\s\\\\S]*?\\\\*\\\\/');","    }","    var re = new RegExp('^\\\\s*(?:' + m.join('|') + ')\\\\s*', '');","    return src.replace(re, '');","  };","","  return exports;","};",""],"l":{"11":1,"12":0,"15":0,"16":0,"17":0,"20":0,"21":0,"23":0,"25":0,"27":0,"30":0,"32":0,"33":0,"36":0}},"/home/travis/build/npmtest/node-npmtest-grunt-contrib-concat/node_modules/grunt-contrib-concat/tasks/lib/sourcemap.js":{"path":"/home/travis/build/npmtest/node-npmtest-grunt-contrib-concat/node_modules/grunt-contrib-concat/tasks/lib/sourcemap.js","s":{"1":1,"2":0,"3":0,"4":0,"5":0,"6":0,"7":0,"8":0,"9":1,"10":0,"11":0,"12":0,"13":0,"14":0,"15":0,"16":0,"17":0,"18":0,"19":0,"20":0,"21":0,"22":0,"23":0,"24":0,"25":0,"26":0,"27":0,"28":0,"29":0,"30":0,"31":0,"32":0,"33":0,"34":0,"35":0,"36":0,"37":0,"38":0,"39":0,"40":0,"41":0,"42":0,"43":0,"44":0,"45":0,"46":0,"47":0,"48":0,"49":0,"50":0,"51":0,"52":0,"53":0,"54":0,"55":0,"56":0,"57":0,"58":0,"59":0,"60":0,"61":0,"62":0,"63":0,"64":0,"65":0,"66":0,"67":0,"68":0,"69":0,"70":0,"71":0,"72":0,"73":0,"74":0,"75":0,"76":0,"77":0,"78":0,"79":0,"80":0,"81":0,"82":0,"83":0,"84":0,"85":0,"86":0,"87":0,"88":0,"89":0,"90":0,"91":0,"92":0,"93":0,"94":0,"95":0,"96":0,"97":0,"98":0,"99":0,"100":0,"101":0,"102":0,"103":0,"104":0,"105":0,"106":0,"107":0,"108":0,"109":0,"110":0,"111":0,"112":0,"113":0,"114":0,"115":0,"116":0,"117":0},"b":{"1":[0,0],"2":[0,0],"3":[0,0],"4":[0,0],"5":[0,0],"6":[0,0],"7":[0,0],"8":[0,0],"9":[0,0],"10":[0,0],"11":[0,0],"12":[0,0],"13":[0,0],"14":[0,0],"15":[0,0],"16":[0,0,0],"17":[0,0],"18":[0,0],"19":[0,0],"20":[0,0],"21":[0,0]},"f":{"1":0,"2":0,"3":0,"4":0,"5":0,"6":0,"7":0,"8":0,"9":0,"10":0,"11":0,"12":0},"fnMap":{"1":{"name":"(anonymous_1)","line":11,"loc":{"start":{"line":11,"column":15},"end":{"line":11,"column":31}}},"2":{"name":"(anonymous_2)","line":23,"loc":{"start":{"line":23,"column":14},"end":{"line":23,"column":24}}},"3":{"name":"SourceMapConcatHelper","line":25,"loc":{"start":{"line":25,"column":2},"end":{"line":25,"column":42}}},"4":{"name":"(anonymous_4)","line":39,"loc":{"start":{"line":39,"column":22},"end":{"line":39,"column":79}}},"5":{"name":"(anonymous_5)","line":64,"loc":{"start":{"line":64,"column":19},"end":{"line":64,"column":44}}},"6":{"name":"(anonymous_6)","line":92,"loc":{"start":{"line":92,"column":40},"end":{"line":92,"column":54}}},"7":{"name":"(anonymous_7)","line":105,"loc":{"start":{"line":105,"column":58},"end":{"line":105,"column":92}}},"8":{"name":"(anonymous_8)","line":138,"loc":{"start":{"line":138,"column":45},"end":{"line":138,"column":69}}},"9":{"name":"(anonymous_9)","line":167,"loc":{"start":{"line":167,"column":36},"end":{"line":167,"column":50}}},"10":{"name":"(anonymous_10)","line":213,"loc":{"start":{"line":213,"column":40},"end":{"line":213,"column":51}}},"11":{"name":"(anonymous_11)","line":235,"loc":{"start":{"line":235,"column":43},"end":{"line":235,"column":54}}},"12":{"name":"(anonymous_12)","line":255,"loc":{"start":{"line":255,"column":42},"end":{"line":255,"column":53}}}},"statementMap":{"1":{"start":{"line":11,"column":0},"end":{"line":262,"column":2}},"2":{"start":{"line":12,"column":2},"end":{"line":12,"column":19}},"3":{"start":{"line":15,"column":2},"end":{"line":15,"column":29}},"4":{"start":{"line":18,"column":2},"end":{"line":18,"column":31}},"5":{"start":{"line":19,"column":2},"end":{"line":19,"column":40}},"6":{"start":{"line":20,"column":2},"end":{"line":20,"column":54}},"7":{"start":{"line":21,"column":2},"end":{"line":21,"column":56}},"8":{"start":{"line":23,"column":2},"end":{"line":23,"column":27}},"9":{"start":{"line":25,"column":2},"end":{"line":61,"column":3}},"10":{"start":{"line":26,"column":4},"end":{"line":26,"column":31}},"11":{"start":{"line":27,"column":4},"end":{"line":27,"column":29}},"12":{"start":{"line":28,"column":4},"end":{"line":28,"column":35}},"13":{"start":{"line":29,"column":4},"end":{"line":29,"column":18}},"14":{"start":{"line":30,"column":4},"end":{"line":30,"column":20}},"15":{"start":{"line":33,"column":4},"end":{"line":33,"column":91}},"16":{"start":{"line":34,"column":4},"end":{"line":36,"column":7}},"17":{"start":{"line":37,"column":4},"end":{"line":37,"column":21}},"18":{"start":{"line":38,"column":4},"end":{"line":38,"column":31}},"19":{"start":{"line":39,"column":4},"end":{"line":60,"column":6}},"20":{"start":{"line":40,"column":6},"end":{"line":59,"column":7}},"21":{"start":{"line":41,"column":8},"end":{"line":43,"column":11}},"22":{"start":{"line":45,"column":8},"end":{"line":58,"column":9}},"23":{"start":{"line":46,"column":10},"end":{"line":50,"column":13}},"24":{"start":{"line":52,"column":10},"end":{"line":57,"column":13}},"25":{"start":{"line":64,"column":2},"end":{"line":89,"column":4}},"26":{"start":{"line":66,"column":4},"end":{"line":66,"column":26}},"27":{"start":{"line":67,"column":4},"end":{"line":75,"column":5}},"28":{"start":{"line":69,"column":11},"end":{"line":75,"column":5}},"29":{"start":{"line":70,"column":6},"end":{"line":70,"column":35}},"30":{"start":{"line":71,"column":11},"end":{"line":75,"column":5}},"31":{"start":{"line":72,"column":6},"end":{"line":72,"column":41}},"32":{"start":{"line":74,"column":6},"end":{"line":74,"column":21}},"33":{"start":{"line":78,"column":4},"end":{"line":82,"column":5}},"34":{"start":{"line":79,"column":6},"end":{"line":81,"column":8}},"35":{"start":{"line":84,"column":4},"end":{"line":88,"column":7}},"36":{"start":{"line":92,"column":2},"end":{"line":94,"column":4}},"37":{"start":{"line":93,"column":4},"end":{"line":93,"column":36}},"38":{"start":{"line":105,"column":2},"end":{"line":134,"column":4}},"39":{"start":{"line":106,"column":4},"end":{"line":106,"column":28}},"40":{"start":{"line":107,"column":4},"end":{"line":107,"column":29}},"41":{"start":{"line":108,"column":4},"end":{"line":108,"column":20}},"42":{"start":{"line":109,"column":4},"end":{"line":109,"column":19}},"43":{"start":{"line":111,"column":4},"end":{"line":111,"column":48}},"44":{"start":{"line":112,"column":4},"end":{"line":114,"column":5}},"45":{"start":{"line":113,"column":6},"end":{"line":113,"column":23}},"46":{"start":{"line":115,"column":4},"end":{"line":130,"column":5}},"47":{"start":{"line":116,"column":6},"end":{"line":116,"column":28}},"48":{"start":{"line":117,"column":6},"end":{"line":129,"column":7}},"49":{"start":{"line":119,"column":8},"end":{"line":119,"column":61}},"50":{"start":{"line":120,"column":8},"end":{"line":128,"column":9}},"51":{"start":{"line":121,"column":10},"end":{"line":121,"column":20}},"52":{"start":{"line":122,"column":10},"end":{"line":122,"column":20}},"53":{"start":{"line":123,"column":10},"end":{"line":123,"column":21}},"54":{"start":{"line":124,"column":10},"end":{"line":124,"column":21}},"55":{"start":{"line":126,"column":10},"end":{"line":126,"column":33}},"56":{"start":{"line":127,"column":10},"end":{"line":127,"column":33}},"57":{"start":{"line":132,"column":4},"end":{"line":132,"column":24}},"58":{"start":{"line":133,"column":4},"end":{"line":133,"column":25}},"59":{"start":{"line":138,"column":2},"end":{"line":209,"column":4}},"60":{"start":{"line":139,"column":4},"end":{"line":139,"column":81}},"61":{"start":{"line":140,"column":4},"end":{"line":140,"column":76}},"62":{"start":{"line":142,"column":4},"end":{"line":142,"column":60}},"63":{"start":{"line":143,"column":4},"end":{"line":202,"column":5}},"64":{"start":{"line":144,"column":6},"end":{"line":144,"column":36}},"65":{"start":{"line":145,"column":6},"end":{"line":145,"column":24}},"66":{"start":{"line":147,"column":6},"end":{"line":147,"column":24}},"67":{"start":{"line":149,"column":6},"end":{"line":158,"column":7}},"68":{"start":{"line":151,"column":8},"end":{"line":151,"column":33}},"69":{"start":{"line":152,"column":8},"end":{"line":152,"column":67}},"70":{"start":{"line":156,"column":8},"end":{"line":156,"column":76}},"71":{"start":{"line":157,"column":8},"end":{"line":157,"column":55}},"72":{"start":{"line":159,"column":6},"end":{"line":159,"column":53}},"73":{"start":{"line":160,"column":6},"end":{"line":160,"column":48}},"74":{"start":{"line":161,"column":6},"end":{"line":161,"column":63}},"75":{"start":{"line":163,"column":6},"end":{"line":163,"column":91}},"76":{"start":{"line":165,"column":6},"end":{"line":165,"column":31}},"77":{"start":{"line":166,"column":6},"end":{"line":166,"column":32}},"78":{"start":{"line":167,"column":6},"end":{"line":188,"column":15}},"79":{"start":{"line":168,"column":8},"end":{"line":168,"column":19}},"80":{"start":{"line":169,"column":8},"end":{"line":173,"column":9}},"81":{"start":{"line":170,"column":10},"end":{"line":170,"column":89}},"82":{"start":{"line":172,"column":10},"end":{"line":172,"column":24}},"83":{"start":{"line":174,"column":8},"end":{"line":174,"column":54}},"84":{"start":{"line":175,"column":8},"end":{"line":179,"column":9}},"85":{"start":{"line":176,"column":10},"end":{"line":176,"column":55}},"86":{"start":{"line":178,"column":10},"end":{"line":178,"column":45}},"87":{"start":{"line":180,"column":8},"end":{"line":187,"column":10}},"88":{"start":{"line":189,"column":6},"end":{"line":196,"column":7}},"89":{"start":{"line":190,"column":8},"end":{"line":195,"column":9}},"90":{"start":{"line":191,"column":10},"end":{"line":194,"column":12}},"91":{"start":{"line":198,"column":6},"end":{"line":198,"column":44}},"92":{"start":{"line":201,"column":6},"end":{"line":201,"column":73}},"93":{"start":{"line":204,"column":4},"end":{"line":206,"column":5}},"94":{"start":{"line":205,"column":6},"end":{"line":205,"column":61}},"95":{"start":{"line":208,"column":4},"end":{"line":208,"column":15}},"96":{"start":{"line":213,"column":2},"end":{"line":232,"column":4}},"97":{"start":{"line":215,"column":4},"end":{"line":215,"column":20}},"98":{"start":{"line":216,"column":4},"end":{"line":222,"column":5}},"99":{"start":{"line":217,"column":6},"end":{"line":217,"column":67}},"100":{"start":{"line":218,"column":6},"end":{"line":218,"column":64}},"101":{"start":{"line":221,"column":6},"end":{"line":221,"column":76}},"102":{"start":{"line":224,"column":4},"end":{"line":224,"column":12}},"103":{"start":{"line":225,"column":4},"end":{"line":229,"column":5}},"104":{"start":{"line":226,"column":6},"end":{"line":226,"column":60}},"105":{"start":{"line":228,"column":6},"end":{"line":228,"column":52}},"106":{"start":{"line":231,"column":4},"end":{"line":231,"column":15}},"107":{"start":{"line":235,"column":2},"end":{"line":251,"column":4}},"108":{"start":{"line":237,"column":4},"end":{"line":237,"column":47}},"109":{"start":{"line":239,"column":4},"end":{"line":244,"column":5}},"110":{"start":{"line":240,"column":6},"end":{"line":242,"column":8}},"111":{"start":{"line":243,"column":6},"end":{"line":243,"column":52}},"112":{"start":{"line":245,"column":4},"end":{"line":248,"column":6}},"113":{"start":{"line":249,"column":4},"end":{"line":249,"column":79}},"114":{"start":{"line":255,"column":2},"end":{"line":259,"column":4}},"115":{"start":{"line":256,"column":4},"end":{"line":258,"column":5}},"116":{"start":{"line":257,"column":6},"end":{"line":257,"column":20}},"117":{"start":{"line":261,"column":2},"end":{"line":261,"column":17}}},"branchMap":{"1":{"line":40,"type":"if","locations":[{"start":{"line":40,"column":6},"end":{"line":40,"column":6}},{"start":{"line":40,"column":6},"end":{"line":40,"column":6}}]},"2":{"line":45,"type":"if","locations":[{"start":{"line":45,"column":8},"end":{"line":45,"column":8}},{"start":{"line":45,"column":8},"end":{"line":45,"column":8}}]},"3":{"line":67,"type":"if","locations":[{"start":{"line":67,"column":4},"end":{"line":67,"column":4}},{"start":{"line":67,"column":4},"end":{"line":67,"column":4}}]},"4":{"line":69,"type":"if","locations":[{"start":{"line":69,"column":11},"end":{"line":69,"column":11}},{"start":{"line":69,"column":11},"end":{"line":69,"column":11}}]},"5":{"line":71,"type":"if","locations":[{"start":{"line":71,"column":11},"end":{"line":71,"column":11}},{"start":{"line":71,"column":11},"end":{"line":71,"column":11}}]},"6":{"line":78,"type":"if","locations":[{"start":{"line":78,"column":4},"end":{"line":78,"column":4}},{"start":{"line":78,"column":4},"end":{"line":78,"column":4}}]},"7":{"line":78,"type":"binary-expr","locations":[{"start":{"line":78,"column":8},"end":{"line":78,"column":43}},{"start":{"line":78,"column":47},"end":{"line":78,"column":68}}]},"8":{"line":112,"type":"if","locations":[{"start":{"line":112,"column":4},"end":{"line":112,"column":4}},{"start":{"line":112,"column":4},"end":{"line":112,"column":4}}]},"9":{"line":117,"type":"if","locations":[{"start":{"line":117,"column":6},"end":{"line":117,"column":6}},{"start":{"line":117,"column":6},"end":{"line":117,"column":6}}]},"10":{"line":120,"type":"if","locations":[{"start":{"line":120,"column":8},"end":{"line":120,"column":8}},{"start":{"line":120,"column":8},"end":{"line":120,"column":8}}]},"11":{"line":143,"type":"if","locations":[{"start":{"line":143,"column":4},"end":{"line":143,"column":4}},{"start":{"line":143,"column":4},"end":{"line":143,"column":4}}]},"12":{"line":149,"type":"if","locations":[{"start":{"line":149,"column":6},"end":{"line":149,"column":6}},{"start":{"line":149,"column":6},"end":{"line":149,"column":6}}]},"13":{"line":169,"type":"if","locations":[{"start":{"line":169,"column":8},"end":{"line":169,"column":8}},{"start":{"line":169,"column":8},"end":{"line":169,"column":8}}]},"14":{"line":175,"type":"if","locations":[{"start":{"line":175,"column":8},"end":{"line":175,"column":8}},{"start":{"line":175,"column":8},"end":{"line":175,"column":8}}]},"15":{"line":189,"type":"if","locations":[{"start":{"line":189,"column":6},"end":{"line":189,"column":6}},{"start":{"line":189,"column":6},"end":{"line":189,"column":6}}]},"16":{"line":189,"type":"binary-expr","locations":[{"start":{"line":189,"column":10},"end":{"line":189,"column":27}},{"start":{"line":189,"column":31},"end":{"line":189,"column":55}},{"start":{"line":189,"column":59},"end":{"line":189,"column":83}}]},"17":{"line":204,"type":"if","locations":[{"start":{"line":204,"column":4},"end":{"line":204,"column":4}},{"start":{"line":204,"column":4},"end":{"line":204,"column":4}}]},"18":{"line":216,"type":"if","locations":[{"start":{"line":216,"column":4},"end":{"line":216,"column":4}},{"start":{"line":216,"column":4},"end":{"line":216,"column":4}}]},"19":{"line":225,"type":"if","locations":[{"start":{"line":225,"column":4},"end":{"line":225,"column":4}},{"start":{"line":225,"column":4},"end":{"line":225,"column":4}}]},"20":{"line":239,"type":"if","locations":[{"start":{"line":239,"column":4},"end":{"line":239,"column":4}},{"start":{"line":239,"column":4},"end":{"line":239,"column":4}}]},"21":{"line":256,"type":"if","locations":[{"start":{"line":256,"column":4},"end":{"line":256,"column":4}},{"start":{"line":256,"column":4},"end":{"line":256,"column":4}}]}},"code":["/*"," * grunt-contrib-concat"," * http://gruntjs.com/"," *"," * Copyright (c) 2016 \"Cowboy\" Ben Alman, contributors"," * Licensed under the MIT license."," */","","'use strict';","","exports.init = function(grunt) {","  var exports = {};","","  // Node first party libs","  var path = require('path');","","  // Third party libs","  var chalk = require('chalk');","  var SourceMap = require('source-map');","  var SourceMapConsumer = SourceMap.SourceMapConsumer;","  var SourceMapGenerator = SourceMap.SourceMapGenerator;","","  var NO_OP = function(){};","","  function SourceMapConcatHelper(options) {","    this.files = options.files;","    this.dest = options.dest;","    this.options = options.options;","    this.line = 1;","    this.column = 0;","","    // ensure we're using forward slashes, because these are URLs","    var file = path.relative(path.dirname(this.dest), this.files.dest).replace(/\\\\/g, '/');","    var generator = new SourceMapGenerator({","      file: file","    });","    this.file = file;","    this.generator = generator;","    this.addMapping = function(genLine, genCol, orgLine, orgCol, source, name) {","      if (!source) {","        generator.addMapping({","          generated: {line: genLine, column: genCol}","        });","      } else {","        if (!name) {","          generator.addMapping({","            generated: {line: genLine, column: genCol},","            original: {line: orgLine, column: orgCol},","            source: source","          });","        } else {","          generator.addMapping({","            generated: {line: genLine, column: genCol},","            original: {line: orgLine, column: orgCol},","            source: source,","            name: name","          });","        }","      }","    };","  }","","  // Return an object that is used to track sourcemap data between calls.","  exports.helper = function(files, options) {","    // Figure out the source map destination.","    var dest = files.dest;","    if (options.sourceMapStyle === 'inline') {","      // Leave dest as is. It will be used to compute relative sources.","    } else if (typeof options.sourceMapName === 'string') {","      dest = options.sourceMapName;","    } else if (typeof options.sourceMapName === 'function') {","      dest = options.sourceMapName(dest);","    } else {","      dest += '.map';","    }","","    // Inline style and sourceMapName together doesn't work","    if (options.sourceMapStyle === 'inline' && options.sourceMapName) {","      grunt.log.warn(","        'Source map will be inlined, sourceMapName option ignored.'","      );","    }","","    return new SourceMapConcatHelper({","      files: files,","      dest: dest,","      options: options","    });","  };","","  // Parse only to increment the generated file's column and line count","  SourceMapConcatHelper.prototype.add = function(src) {","    this._forEachTokenPosition(src);","  };","","  /**","   * Parse the source file into tokens and apply the provided callback","   * with the position of the token boundaries in the original file, and","   * in the generated file.","   *","   * @param src The sources to tokenize. Required","   * @param filename The name of the source file. Optional","   * @param callback What to do with the token position indices. Optional","   */","  SourceMapConcatHelper.prototype._forEachTokenPosition = function(src, filename, callback) {","    var genLine = this.line;","    var genCol = this.column;","    var orgLine = 1;","    var orgCol = 0;","    // Tokenize on words, new lines, and white space.","    var tokens = src.split(/(\\n|[^\\S\\n]+|\\b)/g);","    if (!callback) {","      callback = NO_OP;","    }","    for (var i = 0, len = tokens.length; i < len; i++) {","      var token = tokens[i];","      if (token) {","        // The if statement filters out empty strings.","        callback(genLine, genCol, orgLine, orgCol, filename);","        if (token === '\\n') {","          ++orgLine;","          ++genLine;","          orgCol = 0;","          genCol = 0;","        } else {","          orgCol += token.length;","          genCol += token.length;","        }","      }","    }","","    this.line = genLine;","    this.column = genCol;","  };","","  // Add the lines of a given file to the sourcemap. If in the file, store a","  // prior sourcemap and return src with sourceMappingURL removed.","  SourceMapConcatHelper.prototype.addlines = function(src, filename) {","    var sourceMapRegEx = /\\n\\/[*/][@#]\\s+sourceMappingURL=((?:(?!\\s+\\*\\/).)*).*/;","    var relativeFilename = path.relative(path.dirname(this.dest), filename);","    // sourceMap path references are URLs, so ensure forward slashes are used for paths passed to sourcemap library","    relativeFilename = relativeFilename.replace(/\\\\/g, '/');","    if (sourceMapRegEx.test(src)) {","      var sourceMapFile = RegExp.$1;","      var sourceMapPath;","","      var sourceContent;","      // Browserify, as an example, stores a datauri at sourceMappingURL.","      if (/data:application\\/json;(charset:utf-8;)?base64,([^\\s]+)/.test(sourceMapFile)) {","        // Set sourceMapPath to the file that the map is inlined.","        sourceMapPath = filename;","        sourceContent = new Buffer(RegExp.$2, 'base64').toString();","      } else {","        // If sourceMapPath is relative, expand relative to the file","        // referring to it.","        sourceMapPath = path.resolve(path.dirname(filename), sourceMapFile);","        sourceContent = grunt.file.read(sourceMapPath);","      }","      var sourceMapDir = path.dirname(sourceMapPath);","      var sourceMap = JSON.parse(sourceContent);","      var sourceMapConsumer = new SourceMapConsumer(sourceMap);","      // Consider the relative path from source files to new sourcemap.","      var sourcePathToSourceMapPath = path.relative(path.dirname(this.dest), sourceMapDir);","      // Transfer the existing mappings into this mapping","      var initLine = this.line;","      var initCol = this.column;","      sourceMapConsumer.eachMapping(function(args){","        var source;","        if (args.source) {","          source = path.join(sourcePathToSourceMapPath, args.source).replace(/\\\\/g, '/');","        } else {","          source = null;","        }","        this.line = initLine + args.generatedLine - 1;","        if (this.line === initLine) {","          this.column = initCol + args.generatedColumn;","        } else {","          this.column = args.generatedColumn;","        }","        this.addMapping(","          this.line,","          this.column,","          args.originalLine,","          args.originalColumn,","          source,","          args.name","        );","      }, this);","      if (sourceMap.sources && sourceMap.sources.length && sourceMap.sourcesContent) {","        for (var i = 0; i < sourceMap.sources.length; ++i) {","          this.generator.setSourceContent(","            path.join(sourcePathToSourceMapPath, sourceMap.sources[i]).replace(/\\\\/g, '/'),","            sourceMap.sourcesContent[i]","          );","        }","      }","      // Remove the old sourceMappingURL.","      src = src.replace(sourceMapRegEx, '');","    } else {","      // Otherwise perform a rudimentary tokenization of the source.","      this._forEachTokenPosition(src, relativeFilename, this.addMapping);","    }","","    if (this.options.sourceMapStyle !== 'link') {","      this.generator.setSourceContent(relativeFilename, src);","    }","","    return src;","  };","","  // Return the comment sourceMappingURL that must be appended to the","  // concatenated file.","  SourceMapConcatHelper.prototype.url = function() {","    // Create the map filepath. Either datauri or destination path.","    var mapfilepath;","    if (this.options.sourceMapStyle === 'inline') {","      var inlineMap = new Buffer(this._write()).toString('base64');","      mapfilepath = 'data:application/json;base64,' + inlineMap;","    } else {","      // Compute relative path to source map destination.","      mapfilepath = path.relative(path.dirname(this.files.dest), this.dest);","    }","    // Create the sourceMappingURL.","    var url;","    if (/\\.css$/.test(this.files.dest)) {","      url = '\\n/*# sourceMappingURL=' + mapfilepath + ' */';","    } else {","      url = '\\n//# sourceMappingURL=' + mapfilepath;","    }","","    return url;","  };","","  // Return a string for inline use or write the source map to disk.","  SourceMapConcatHelper.prototype._write = function() {","    // New sourcemap.","    var newSourceMap = this.generator.toJSON();","    // Return a string for inline use or write the map.","    if (this.options.sourceMapStyle === 'inline') {","      grunt.verbose.writeln(","        'Source map for ' + chalk.cyan(this.files.dest) + ' inlined.'","      );","      return JSON.stringify(newSourceMap, null, '');","    }","    grunt.file.write(","      this.dest,","      JSON.stringify(newSourceMap, null, '')","    );","    grunt.verbose.writeln('Source map ' + chalk.cyan(this.dest) + ' created.');","","  };","","  // Non-private function to write the sourcemap. Shortcuts if writing a inline","  // style map.","  SourceMapConcatHelper.prototype.write = function() {","    if (this.options.sourceMapStyle !== 'inline') {","      this._write();","    }","  };","","  return exports;","};",""],"l":{"11":1,"12":0,"15":0,"18":0,"19":0,"20":0,"21":0,"23":0,"25":1,"26":0,"27":0,"28":0,"29":0,"30":0,"33":0,"34":0,"37":0,"38":0,"39":0,"40":0,"41":0,"45":0,"46":0,"52":0,"64":0,"66":0,"67":0,"69":0,"70":0,"71":0,"72":0,"74":0,"78":0,"79":0,"84":0,"92":0,"93":0,"105":0,"106":0,"107":0,"108":0,"109":0,"111":0,"112":0,"113":0,"115":0,"116":0,"117":0,"119":0,"120":0,"121":0,"122":0,"123":0,"124":0,"126":0,"127":0,"132":0,"133":0,"138":0,"139":0,"140":0,"142":0,"143":0,"144":0,"145":0,"147":0,"149":0,"151":0,"152":0,"156":0,"157":0,"159":0,"160":0,"161":0,"163":0,"165":0,"166":0,"167":0,"168":0,"169":0,"170":0,"172":0,"174":0,"175":0,"176":0,"178":0,"180":0,"189":0,"190":0,"191":0,"198":0,"201":0,"204":0,"205":0,"208":0,"213":0,"215":0,"216":0,"217":0,"218":0,"221":0,"224":0,"225":0,"226":0,"228":0,"231":0,"235":0,"237":0,"239":0,"240":0,"243":0,"245":0,"249":0,"255":0,"256":0,"257":0,"261":0}}}